<?xml version="1.0" encoding="UTF-8"?>
<!-- Generated by org.testng.reporters.JUnitReportReporter -->
<testsuite hostname="Alena-copy" name="com.browser.tests.TestBrowsers" tests="1" failures="0" timestamp="29 Dec 2014 12:58:47 GMT" time="6.222" errors="0">
  <testcase name="TestBrowser" time="6.222" classname="com.browser.tests.TestBrowsers"/>
</testsuite> <!-- com.browser.tests.TestBrowsers -->
